android/app/build/intermediates/manifest_merge_blame_file/debug/manifest-merger-blame-debug-report.txt
1<?xml version="1.0" encoding="utf-8"?>
2<manifest xmlns:android="http://schemas.android.com/apk/res/android"
3    package="com.joinbubble"
4    android:versionCode="1"
5    android:versionName="1.0" >
6
7    <uses-sdk
8        android:minSdkVersion="21"
9        android:targetSdkVersion="29" />
10
11    <uses-permission android:name="android.permission.SYSTEM_ALERT_WINDOW" />
11-->src/debug/AndroidManifest.xml:5:5-77
11-->src/debug/AndroidManifest.xml:5:22-75
12    <uses-permission android:name="android.permission.INTERNET" />
12-->src/main/AndroidManifest.xml:4:5-67
12-->src/main/AndroidManifest.xml:4:22-64
13    <uses-permission android:name="android.permission.ACCESS_WIFI_STATE" />
13-->[com.facebook.flipper:flipper:0.75.1] AndroidManifest.xml:16:5-76
13-->[com.facebook.flipper:flipper:0.75.1] AndroidManifest.xml:16:22-73
14    <uses-permission android:name="android.permission.USE_BIOMETRIC" />
14-->[:react-native-sensitive-info] AndroidManifest.xml:11:5-72
14-->[:react-native-sensitive-info] AndroidManifest.xml:11:22-69
15    <uses-permission android:name="android.permission.USE_FINGERPRINT" /> <!-- Required to access Google Play Licensing -->
15-->[:react-native-sensitive-info] AndroidManifest.xml:12:5-74
15-->[:react-native-sensitive-info] AndroidManifest.xml:12:22-71
16    <uses-permission android:name="com.android.vending.CHECK_LICENSE" />
16-->[:rn-fetch-blob] AndroidManifest.xml:12:5-73
16-->[:rn-fetch-blob] AndroidManifest.xml:12:22-70
17    <!--
18         Required to keep CPU alive while downloading files
19        (NOT to keep screen awake)
20    -->
21    <uses-permission android:name="android.permission.WAKE_LOCK" />
21-->[:rn-fetch-blob] AndroidManifest.xml:21:5-68
21-->[:rn-fetch-blob] AndroidManifest.xml:21:22-65
22    <!--
23         Required to poll the state of the network connection
24        and respond to changes
25    -->
26    <uses-permission android:name="android.permission.ACCESS_NETWORK_STATE" /> <!-- Required to read and write the expansion files on shared storage -->
26-->[:rn-fetch-blob] AndroidManifest.xml:27:5-79
26-->[:rn-fetch-blob] AndroidManifest.xml:27:22-76
27    <uses-permission android:name="android.permission.WRITE_EXTERNAL_STORAGE" />
27-->[:rn-fetch-blob] AndroidManifest.xml:33:5-81
27-->[:rn-fetch-blob] AndroidManifest.xml:33:22-78
28
29    <application
29-->src/main/AndroidManifest.xml:6:5-27:19
30        android:name="com.joinbubble.MainApplication"
30-->src/main/AndroidManifest.xml:7:7-38
31        android:allowBackup="false"
31-->src/main/AndroidManifest.xml:11:7-34
32        android:appComponentFactory="androidx.core.app.CoreComponentFactory"
32-->[androidx.core:core:1.1.0] AndroidManifest.xml:24:18-86
33        android:debuggable="true"
34        android:icon="@mipmap/ic_launcher"
34-->src/main/AndroidManifest.xml:9:7-41
35        android:label="@string/app_name"
35-->src/main/AndroidManifest.xml:8:7-39
36        android:roundIcon="@mipmap/ic_launcher_round"
36-->src/main/AndroidManifest.xml:10:7-52
37        android:theme="@style/AppTheme"
37-->src/main/AndroidManifest.xml:12:7-38
38        android:usesCleartextTraffic="true" >
38-->src/debug/AndroidManifest.xml:8:9-44
39        <activity android:name="com.facebook.react.devsupport.DevSettingsActivity" />
39-->src/main/AndroidManifest.xml:26:9-86
39-->src/main/AndroidManifest.xml:26:19-83
40        <activity
40-->src/main/AndroidManifest.xml:13:9-25:20
41            android:name="com.joinbubble.MainActivity"
41-->src/main/AndroidManifest.xml:14:11-39
42            android:configChanges="keyboard|keyboardHidden|orientation|screenSize"
42-->src/main/AndroidManifest.xml:16:11-81
43            android:exported="true"
43-->src/main/AndroidManifest.xml:18:11-34
44            android:label="@string/app_name"
44-->src/main/AndroidManifest.xml:15:11-43
45            android:windowSoftInputMode="adjustResize" >
45-->src/main/AndroidManifest.xml:17:11-53
46            <intent-filter>
46-->src/main/AndroidManifest.xml:20:13-24:29
47                <action android:name="android.intent.action.MAIN" />
47-->src/main/AndroidManifest.xml:21:17-69
47-->src/main/AndroidManifest.xml:21:25-66
48
49                <category android:name="android.intent.category.LAUNCHER" />
49-->src/main/AndroidManifest.xml:23:17-77
49-->src/main/AndroidManifest.xml:23:27-74
50            </intent-filter>
51        </activity>
52
53        <provider
53-->[:rn-fetch-blob] AndroidManifest.xml:36:9-44:20
54            android:name="com.RNFetchBlob.Utils.FileProvider"
54-->[:rn-fetch-blob] AndroidManifest.xml:37:13-62
55            android:authorities="com.joinbubble.provider"
55-->[:rn-fetch-blob] AndroidManifest.xml:38:13-60
56            android:exported="false"
56-->[:rn-fetch-blob] AndroidManifest.xml:39:13-37
57            android:grantUriPermissions="true" >
57-->[:rn-fetch-blob] AndroidManifest.xml:40:13-47
58            <meta-data
58-->[:rn-fetch-blob] AndroidManifest.xml:41:13-43:58
59                android:name="android.support.FILE_PROVIDER_PATHS"
59-->[:rn-fetch-blob] AndroidManifest.xml:42:17-67
60                android:resource="@xml/provider_paths" />
60-->[:rn-fetch-blob] AndroidManifest.xml:43:17-55
61        </provider>
62
63        <activity
63-->[androidx.biometric:biometric:1.0.1] AndroidManifest.xml:28:9-31:67
64            android:name="androidx.biometric.DeviceCredentialHandlerActivity"
64-->[androidx.biometric:biometric:1.0.1] AndroidManifest.xml:29:13-78
65            android:exported="true"
65-->[androidx.biometric:biometric:1.0.1] AndroidManifest.xml:30:13-36
66            android:theme="@style/DeviceCredentialHandlerTheme" />
66-->[androidx.biometric:biometric:1.0.1] AndroidManifest.xml:31:13-64
67    </application>
68
69</manifest>